<?xml version="1.0" encoding="UTF-8"?>
<testng-results skipped="0" failed="0" total="1" passed="1">
  <reporter-output>
  </reporter-output>
  <suite name="Suite" duration-ms="4111" started-at="2022-01-06T18:47:50Z" finished-at="2022-01-06T18:47:54Z">
    <groups>
    </groups>
    <test name="Test" duration-ms="4111" started-at="2022-01-06T18:47:50Z" finished-at="2022-01-06T18:47:54Z">
      <class name="com.fb.Sample">
        <test-method status="PASS" signature="launchBrowser(java.lang.String)[pri:0, instance:com.fb.Sample@7dc36524]" name="launchBrowser" duration-ms="4087" started-at="2022-01-07T00:17:50Z" finished-at="2022-01-07T00:17:54Z">
          <params>
            <param index="0">
              <value>
                <![CDATA[chrome]]>
              </value>
            </param>
          </params>
          <reporter-output>
          </reporter-output>
        </test-method> <!-- launchBrowser -->
      </class> <!-- com.fb.Sample -->
    </test> <!-- Test -->
  </suite> <!-- Suite -->
</testng-results>
